[04:01:13 AM] Sunday, February 27, 2022 4:01:13 AM >> Request >> 
[04:01:13 AM] Sunday, February 27, 2022 4:01:13 AM >> Incoming Request... >> 
[04:01:13 AM] Sunday, February 27, 2022 4:01:13 AM >> Reading Package >> 
[04:01:13 AM] Sunday, February 27, 2022 4:01:13 AM >> Setting Package >> 
[04:01:13 AM] <!> ProfileAllowOnly -> Profile TransferLock

[04:01:13 AM] <!> BlamelessCube72 -> GamerTag

[04:01:13 AM] <!> 000901F6B15FC753 -> XUID

[04:01:13 AM] <!> 36465165043 -> SaveConsoleID

[04:01:13 AM] <!> -2305833967085427665 -> ProfileID

[04:01:13 AM] <!> GamerScore -> 0

[04:01:13 AM] <!> COD: Black Ops II -> Titles

[04:01:13 AM] <!> BioShock -> Titles

[04:01:13 AM] <!> 415608C3.gpd -> Success!

[04:01:13 AM] <!> Achievement Number -> 0

[04:01:13 AM] <!> Locked? -> UnlockedOffline

[04:01:13 AM] <!> No Man Left Behind -> Unlocked

[04:01:13 AM] <!> Achievement Number -> 1

[04:01:13 AM] <!> Locked? -> UnlockedOffline

[04:01:13 AM] <!> Gathering Storm -> Unlocked

[04:01:13 AM] <!> Achievement Number -> 2

[04:01:13 AM] <!> Locked? -> UnlockedOffline

[04:01:13 AM] <!> Shifting Sands -> Unlocked

[04:01:13 AM] <!> Achievement Number -> 3

[04:01:13 AM] <!> Locked? -> UnlockedOffline

[04:01:13 AM] <!> Driven by Rage -> Unlocked

[04:01:13 AM] <!> Achievement Number -> 4

[04:01:13 AM] <!> Locked? -> UnlockedOffline

[04:01:13 AM] <!> Waterlogged -> Unlocked

[04:01:14 AM] <!> Achievement Number -> 5

[04:01:14 AM] <!> Locked? -> UnlockedOffline

[04:01:14 AM] <!> What Happens in Colossus... -> Unlocked

[04:01:14 AM] <!> Achievement Number -> 6

[04:01:14 AM] <!> Locked? -> UnlockedOffline

[04:01:14 AM] <!> False Profit -> Unlocked

[04:01:14 AM] <!> Achievement Number -> 7

[04:01:14 AM] <!> Locked? -> UnlockedOffline

[04:01:14 AM] <!> Deep Cover -> Unlocked

[04:01:14 AM] <!> Achievement Number -> 8

[04:01:14 AM] <!> Locked? -> UnlockedOffline

[04:01:14 AM] <!> Sinking Star -> Unlocked

[04:01:14 AM] <!> Achievement Number -> 9

[04:01:14 AM] <!> Locked? -> UnlockedOffline

[04:01:14 AM] <!> Late for the Prom -> Unlocked

[04:01:14 AM] <!> Achievement Number -> 10

[04:01:14 AM] <!> Locked? -> UnlockedOffline

[04:01:14 AM] <!> Death from Above -> Unlocked

[04:01:14 AM] <!> Achievement Number -> 11

[04:01:14 AM] <!> Locked? -> UnlockedOffline

[04:01:14 AM] <!> Old Fashioned -> Unlocked

[04:01:14 AM] <!> Achievement Number -> 12

[04:01:14 AM] <!> Locked? -> UnlockedOffline

[04:01:14 AM] <!> Futurist -> Unlocked

[04:01:14 AM] <!> Achievement Number -> 13

[04:01:14 AM] <!> Locked? -> UnlockedOffline

[04:01:14 AM] <!> Giant Accomplishment -> Unlocked

[04:01:14 AM] <!> Achievement Number -> 14

[04:01:14 AM] <!> Locked? -> UnlockedOffline

[04:01:14 AM] <!> Mission Complete -> Unlocked

[04:01:14 AM] <!> Achievement Number -> 15

[04:01:14 AM] <!> Locked? -> UnlockedOffline

[04:01:14 AM] <!> Just Gettin' Started -> Unlocked

[04:01:14 AM] <!> Achievement Number -> 16

[04:01:14 AM] <!> Locked? -> UnlockedOffline

[04:01:14 AM] <!> Singapore Sling -> Unlocked

[04:01:14 AM] <!> Achievement Number -> 17

[04:01:14 AM] <!> Locked? -> UnlockedOffline

[04:01:14 AM] <!> Desert Storm -> Unlocked

[04:01:14 AM] <!> Achievement Number -> 18

[04:01:14 AM] <!> Locked? -> UnlockedOffline

[04:01:14 AM] <!> Defender  -> Unlocked

[04:01:14 AM] <!> Achievement Number -> 19

[04:01:14 AM] <!> Locked? -> UnlockedOffline

[04:01:14 AM] <!> Black Ops II Master -> Unlocked

[04:01:14 AM] <!> Achievement Number -> 20

[04:01:14 AM] <!> Locked? -> UnlockedOffline

[04:01:14 AM] <!> Art of War -> Unlocked

[04:01:14 AM] <!> Achievement Number -> 21

[04:01:14 AM] <!> Locked? -> UnlockedOffline

[04:01:14 AM] <!> Blind Date -> Unlocked

[04:01:14 AM] <!> Achievement Number -> 22

[04:01:14 AM] <!> Locked? -> UnlockedOffline

[04:01:14 AM] <!> Family Reunion -> Unlocked

[04:01:14 AM] <!> Achievement Number -> 23

[04:01:14 AM] <!> Locked? -> UnlockedOffline

[04:01:14 AM] <!> Hey Good Looking -> Unlocked

[04:01:14 AM] <!> Achievement Number -> 24

[04:01:14 AM] <!> Locked? -> UnlockedOffline

[04:01:14 AM] <!> Showdown -> Unlocked

[04:01:14 AM] <!> Achievement Number -> 25

[04:01:14 AM] <!> Locked? -> UnlockedOffline

[04:01:14 AM] <!> Dirty Business -> Unlocked

[04:01:14 AM] <!> Achievement Number -> 26

[04:01:14 AM] <!> Locked? -> UnlockedOffline

[04:01:14 AM] <!> Ship Shape -> Unlocked

[04:01:14 AM] <!> Achievement Number -> 27

[04:01:14 AM] <!> Locked? -> UnlockedOffline

[04:01:14 AM] <!> Dead or Alive -> Unlocked

[04:01:14 AM] <!> Achievement Number -> 28

[04:01:14 AM] <!> Locked? -> UnlockedOffline

[04:01:14 AM] <!> Ultimate Sacrifice -> Unlocked

[04:01:14 AM] <!> Achievement Number -> 29

[04:01:14 AM] <!> Locked? -> UnlockedOffline

[04:01:14 AM] <!> Good Karma -> Unlocked

[04:01:14 AM] <!> Achievement Number -> 30

[04:01:14 AM] <!> Locked? -> UnlockedOffline

[04:01:14 AM] <!> High IQ -> Unlocked

[04:01:14 AM] <!> Achievement Number -> 31

[04:01:14 AM] <!> Locked? -> UnlockedOffline

[04:01:14 AM] <!> Back in Time -> Unlocked

[04:01:14 AM] <!> Achievement Number -> 32

[04:01:14 AM] <!> Locked? -> UnlockedOffline

[04:01:14 AM] <!> Man of the People -> Unlocked

[04:01:14 AM] <!> Achievement Number -> 33

[04:01:14 AM] <!> Locked? -> UnlockedOffline

[04:01:14 AM] <!> Gun Nut -> Unlocked

[04:01:14 AM] <!> Achievement Number -> 34

[04:01:14 AM] <!> Locked? -> UnlockedOffline

[04:01:14 AM] <!> Ten K -> Unlocked

[04:01:14 AM] <!> Achievement Number -> 35

[04:01:14 AM] <!> Locked? -> UnlockedOffline

[04:01:14 AM] <!> Welcome to the Club -> Unlocked

[04:01:14 AM] <!> Achievement Number -> 36

[04:01:14 AM] <!> Locked? -> UnlockedOffline

[04:01:14 AM] <!> Welcome to the Penthouse -> Unlocked

[04:01:14 AM] <!> Achievement Number -> 37

[04:01:14 AM] <!> Locked? -> UnlockedOffline

[04:01:14 AM] <!> Big Leagues -> Unlocked

[04:01:14 AM] <!> Achievement Number -> 38

[04:01:14 AM] <!> Locked? -> UnlockedOffline

[04:01:14 AM] <!> Trained Up -> Unlocked

[04:01:14 AM] <!> Achievement Number -> 39

[04:01:14 AM] <!> Locked? -> UnlockedOffline

[04:01:14 AM] <!> Party Animal -> Unlocked

[04:01:14 AM] <!> Achievement Number -> 40

[04:01:14 AM] <!> Locked? -> UnlockedOffline

[04:01:14 AM] <!> Tower of Babble -> Unlocked

[04:01:14 AM] <!> Achievement Number -> 41

[04:01:14 AM] <!> Locked? -> UnlockedOffline

[04:01:14 AM] <!> Don't Fire Until You See -> Unlocked

[04:01:14 AM] <!> Achievement Number -> 42

[04:01:14 AM] <!> Locked? -> UnlockedOffline

[04:01:14 AM] <!> The Lights Of Their Eyes -> Unlocked

[04:01:14 AM] <!> Achievement Number -> 43

[04:01:14 AM] <!> Locked? -> UnlockedOffline

[04:01:14 AM] <!> Undead Man's Party Bus -> Unlocked

[04:01:14 AM] <!> Achievement Number -> 44

[04:01:14 AM] <!> Locked? -> UnlockedOffline

[04:01:14 AM] <!> Dance On My Grave -> Unlocked

[04:01:14 AM] <!> Achievement Number -> 45

[04:01:14 AM] <!> Locked? -> UnlockedOffline

[04:01:14 AM] <!> Standard Equipment May Vary -> Unlocked

[04:01:14 AM] <!> Achievement Number -> 46

[04:01:14 AM] <!> Locked? -> UnlockedOffline

[04:01:14 AM] <!> You Have No Power Over Me -> Unlocked

[04:01:14 AM] <!> Achievement Number -> 47

[04:01:14 AM] <!> Locked? -> UnlockedOffline

[04:01:14 AM] <!> I Don't Think They Exist -> Unlocked

[04:01:14 AM] <!> Achievement Number -> 48

[04:01:14 AM] <!> Locked? -> UnlockedOffline

[04:01:14 AM] <!> Fuel Efficient -> Unlocked

[04:01:14 AM] <!> Achievement Number -> 49

[04:01:14 AM] <!> Locked? -> UnlockedOffline

[04:01:14 AM] <!> Happy Hour -> Unlocked

[04:01:14 AM] <!> Achievement Number -> 50

[04:01:14 AM] <!> Locked? -> UnlockedOffline

[04:01:14 AM] <!> High Maintenance -> Unlocked

[04:01:14 AM] <!> Achievement Number -> 51

[04:01:14 AM] <!> Locked? -> UnlockedOffline

[04:01:14 AM] <!> Vertigoner -> Unlocked

[04:01:14 AM] <!> Achievement Number -> 52

[04:01:14 AM] <!> Locked? -> UnlockedOffline

[04:01:14 AM] <!> Mad Without Power -> Unlocked

[04:01:14 AM] <!> Achievement Number -> 53

[04:01:14 AM] <!> Locked? -> UnlockedOffline

[04:01:14 AM] <!> Shafted -> Unlocked

[04:01:14 AM] <!> Achievement Number -> 54

[04:01:14 AM] <!> Locked? -> UnlockedOffline

[04:01:14 AM] <!> Slippery When Undead -> Unlocked

[04:01:14 AM] <!> Achievement Number -> 55

[04:01:14 AM] <!> Locked? -> UnlockedOffline

[04:01:14 AM] <!> Facing the Dragon -> Unlocked

[04:01:14 AM] <!> Achievement Number -> 56

[04:01:14 AM] <!> Locked? -> UnlockedOffline

[04:01:14 AM] <!> I'm My Own Best Friend -> Unlocked

[04:01:14 AM] <!> Achievement Number -> 57

[04:01:14 AM] <!> Locked? -> UnlockedOffline

[04:01:14 AM] <!> Polyarmory -> Unlocked

[04:01:14 AM] <!> Achievement Number -> 58

[04:01:14 AM] <!> Locked? -> UnlockedOffline

[04:01:14 AM] <!> Monkey See, Monkey Doom -> Unlocked

[04:01:14 AM] <!> Achievement Number -> 59

[04:01:14 AM] <!> Locked? -> UnlockedOffline

[04:01:14 AM] <!> I See Live People -> Unlocked

[04:01:14 AM] <!> Achievement Number -> 60

[04:01:14 AM] <!> Locked? -> UnlockedOffline

[04:01:14 AM] <!> No One Escapes Alive -> Unlocked

[04:01:14 AM] <!> Achievement Number -> 61

[04:01:14 AM] <!> Locked? -> UnlockedOffline

[04:01:14 AM] <!> Feed the Beast -> Unlocked

[04:01:14 AM] <!> Achievement Number -> 62

[04:01:14 AM] <!> Locked? -> UnlockedOffline

[04:01:14 AM] <!> Making the Rounds -> Unlocked

[04:01:14 AM] <!> Achievement Number -> 63

[04:01:14 AM] <!> Locked? -> UnlockedOffline

[04:01:14 AM] <!> Acid Drip -> Unlocked

[04:01:14 AM] <!> Achievement Number -> 64

[04:01:14 AM] <!> Locked? -> UnlockedOffline

[04:01:14 AM] <!> Full Lockdown -> Unlocked

[04:01:14 AM] <!> Achievement Number -> 65

[04:01:14 AM] <!> Locked? -> UnlockedOffline

[04:01:14 AM] <!> A Burst of Flavor -> Unlocked

[04:01:14 AM] <!> Achievement Number -> 66

[04:01:14 AM] <!> Locked? -> UnlockedOffline

[04:01:14 AM] <!> Paranormal Progress -> Unlocked

[04:01:14 AM] <!> Achievement Number -> 67

[04:01:14 AM] <!> Locked? -> UnlockedOffline

[04:01:14 AM] <!> GG Bridge -> Unlocked

[04:01:14 AM] <!> Achievement Number -> 68

[04:01:14 AM] <!> Locked? -> UnlockedOffline

[04:01:14 AM] <!> Trapped in Time -> Unlocked

[04:01:14 AM] <!> Achievement Number -> 69

[04:01:14 AM] <!> Locked? -> UnlockedOffline

[04:01:14 AM] <!> Pop Goes the Weasel -> Unlocked

[04:01:14 AM] <!> Achievement Number -> 70

[04:01:14 AM] <!> Locked? -> UnlockedOffline

[04:01:14 AM] <!> Mined Games -> Unlocked

[04:01:14 AM] <!> Achievement Number -> 71

[04:01:14 AM] <!> Locked? -> UnlockedOffline

[04:01:14 AM] <!> Ectoplasmic Residue -> Unlocked

[04:01:14 AM] <!> Achievement Number -> 72

[04:01:14 AM] <!> Locked? -> UnlockedOffline

[04:01:14 AM] <!> I'm Your Huckleberry -> Unlocked

[04:01:14 AM] <!> Achievement Number -> 73

[04:01:14 AM] <!> Locked? -> UnlockedOffline

[04:01:14 AM] <!> Death From Below -> Unlocked

[04:01:14 AM] <!> Achievement Number -> 74

[04:01:14 AM] <!> Locked? -> UnlockedOffline

[04:01:14 AM] <!> Candygram -> Unlocked

[04:01:14 AM] <!> Achievement Number -> 75

[04:01:14 AM] <!> Locked? -> UnlockedOffline

[04:01:14 AM] <!> Awaken the Gazebo -> Unlocked

[04:01:14 AM] <!> Achievement Number -> 76

[04:01:14 AM] <!> Locked? -> UnlockedOffline

[04:01:14 AM] <!> Revisionist Historian -> Unlocked

[04:01:14 AM] <!> Achievement Number -> 77

[04:01:14 AM] <!> Locked? -> UnlockedOffline

[04:01:14 AM] <!> Mazed and Confused -> Unlocked

[04:01:14 AM] <!> Achievement Number -> 78

[04:01:14 AM] <!> Locked? -> UnlockedOffline

[04:01:14 AM] <!> FSIRT Against the Wall -> Unlocked

[04:01:14 AM] <!> Achievement Number -> 79

[04:01:14 AM] <!> Locked? -> UnlockedOffline

[04:01:14 AM] <!> When the Revolution Comes -> Unlocked

[04:01:14 AM] <!> Achievement Number -> 80

[04:01:14 AM] <!> Locked? -> UnlockedOffline

[04:01:14 AM] <!> Little Lost Girl -> Unlocked

[04:01:14 AM] <!> Achievement Number -> 81

[04:01:14 AM] <!> Locked? -> UnlockedOffline

[04:01:14 AM] <!> Not a Gold Digger -> Unlocked

[04:01:14 AM] <!> Achievement Number -> 82

[04:01:14 AM] <!> Locked? -> UnlockedOffline

[04:01:14 AM] <!> All Your Base -> Unlocked

[04:01:14 AM] <!> Achievement Number -> 83

[04:01:14 AM] <!> Locked? -> UnlockedOffline

[04:01:14 AM] <!> Kung Fu Grip -> Unlocked

[04:01:14 AM] <!> Achievement Number -> 84

[04:01:14 AM] <!> Locked? -> UnlockedOffline

[04:01:14 AM] <!> Playing with Power -> Unlocked

[04:01:14 AM] <!> Achievement Number -> 85

[04:01:14 AM] <!> Locked? -> UnlockedOffline

[04:01:14 AM] <!> I’m on a Tank! -> Unlocked

[04:01:14 AM] <!> Achievement Number -> 86

[04:01:14 AM] <!> Locked? -> UnlockedOffline

[04:01:14 AM] <!> Saving the Day...All Day -> Unlocked

[04:01:14 AM] <!> Achievement Number -> 87

[04:01:14 AM] <!> Locked? -> UnlockedOffline

[04:01:14 AM] <!> Master of Disguise -> Unlocked

[04:01:14 AM] <!> Achievement Number -> 88

[04:01:14 AM] <!> Locked? -> UnlockedOffline

[04:01:14 AM] <!> Overachiever -> Unlocked

[04:01:14 AM] <!> Achievement Number -> 89

[04:01:14 AM] <!> Locked? -> UnlockedOffline

[04:01:14 AM] <!> Master Wizard -> Unlocked

[04:01:15 AM] <!> Total Achievements:89 -> 

[04:01:15 AM] <!>  -> GPD Loaded!

[04:01:15 AM] <!> 545407D8.gpd -> Success!

[04:01:15 AM] <!> Achievement Number -> 0

[04:01:15 AM] <!> Locked? -> UnlockedOffline

[04:01:15 AM] <!> Completed Welcome. -> Unlocked

[04:01:15 AM] <!> Achievement Number -> 1

[04:01:15 AM] <!> Locked? -> UnlockedOffline

[04:01:15 AM] <!> Defeated Dr. Steinman -> Unlocked

[04:01:15 AM] <!> Achievement Number -> 2

[04:01:15 AM] <!> Locked? -> UnlockedOffline

[04:01:15 AM] <!> Defeated Peach Wilkins -> Unlocked

[04:01:15 AM] <!> Achievement Number -> 3

[04:01:15 AM] <!> Locked? -> UnlockedOffline

[04:01:15 AM] <!> Restored the Forest -> Unlocked

[04:01:15 AM] <!> Achievement Number -> 4

[04:01:15 AM] <!> Locked? -> UnlockedOffline

[04:01:15 AM] <!> Completed Cohen's Masterpiece -> Unlocked

[04:01:15 AM] <!> Achievement Number -> 5

[04:01:15 AM] <!> Locked? -> UnlockedOffline

[04:01:15 AM] <!> Defeated Andrew Ryan -> Unlocked

[04:01:15 AM] <!> Achievement Number -> 6

[04:01:15 AM] <!> Locked? -> UnlockedOffline

[04:01:15 AM] <!> Broke Fontaine's Mind Control -> Unlocked

[04:01:15 AM] <!> Achievement Number -> 7

[04:01:15 AM] <!> Locked? -> UnlockedOffline

[04:01:15 AM] <!> Defeated Atlas -> Unlocked

[04:01:15 AM] <!> Achievement Number -> 8

[04:01:15 AM] <!> Locked? -> UnlockedOffline

[04:01:15 AM] <!> Maxed One Track -> Unlocked

[04:01:15 AM] <!> Achievement Number -> 9

[04:01:15 AM] <!> Locked? -> UnlockedOffline

[04:01:15 AM] <!> Maxed All Tracks -> Unlocked

[04:01:15 AM] <!> Achievement Number -> 10

[04:01:15 AM] <!> Locked? -> UnlockedOffline

[04:01:15 AM] <!> Bought One Slot -> Unlocked

[04:01:15 AM] <!> Achievement Number -> 11

[04:01:15 AM] <!> Locked? -> UnlockedOffline

[04:01:15 AM] <!> Upgraded a Weapon
 -> Unlocked

[04:01:15 AM] <!> Achievement Number -> 12

[04:01:15 AM] <!> Locked? -> UnlockedOffline

[04:01:15 AM] <!> One Fully Upgraded Weapon -> Unlocked

[04:01:15 AM] <!> Achievement Number -> 13

[04:01:15 AM] <!> Locked? -> UnlockedOffline

[04:01:15 AM] <!> Two Fully Upgraded Weapons -> Unlocked

[04:01:15 AM] <!> Achievement Number -> 14

[04:01:15 AM] <!> Locked? -> UnlockedOffline

[04:01:15 AM] <!> Three Fully Upgraded Weapons -> Unlocked

[04:01:15 AM] <!> Achievement Number -> 15

[04:01:15 AM] <!> Locked? -> UnlockedOffline

[04:01:15 AM] <!> Four Fully Upgraded Weapons -> Unlocked

[04:01:15 AM] <!> Achievement Number -> 16

[04:01:15 AM] <!> Locked? -> UnlockedOffline

[04:01:15 AM] <!> Five Fully Upgraded Weapons -> Unlocked

[04:01:15 AM] <!> Achievement Number -> 17

[04:01:15 AM] <!> Locked? -> UnlockedOffline

[04:01:15 AM] <!> Weapon Specialist
 -> Unlocked

[04:01:15 AM] <!> Achievement Number -> 18

[04:01:15 AM] <!> Locked? -> UnlockedOffline

[04:01:15 AM] <!> Fully Researched Thug Splicer -> Unlocked

[04:01:15 AM] <!> Achievement Number -> 19

[04:01:15 AM] <!> Locked? -> UnlockedOffline

[04:01:15 AM] <!> Fully Researched Gun Splicer -> Unlocked

[04:01:15 AM] <!> Achievement Number -> 20

[04:01:15 AM] <!> Locked? -> UnlockedOffline

[04:01:15 AM] <!> Fully Researched Spider Splicer. -> Unlocked

[04:01:15 AM] <!> Achievement Number -> 21

[04:01:15 AM] <!> Locked? -> UnlockedOffline

[04:01:15 AM] <!> Fully Researched Houdini Splicer -> Unlocked

[04:01:15 AM] <!> Achievement Number -> 22

[04:01:15 AM] <!> Locked? -> UnlockedOffline

[04:01:15 AM] <!> Fully Researched Nitro Splicer -> Unlocked

[04:01:15 AM] <!> Achievement Number -> 23

[04:01:15 AM] <!> Locked? -> UnlockedOffline

[04:01:15 AM] <!> Fully Researched Rosie -> Unlocked

[04:01:15 AM] <!> Achievement Number -> 24

[04:01:15 AM] <!> Locked? -> UnlockedOffline

[04:01:15 AM] <!> Fully Researched Bouncer
 -> Unlocked

[04:01:15 AM] <!> Achievement Number -> 25

[04:01:15 AM] <!> Locked? -> UnlockedOffline

[04:01:15 AM] <!> Fully Researched Little Sister -> Unlocked

[04:01:15 AM] <!> Achievement Number -> 26

[04:01:15 AM] <!> Locked? -> UnlockedOffline

[04:01:15 AM] <!> Prolific Photographer -> Unlocked

[04:01:15 AM] <!> Achievement Number -> 27

[04:01:15 AM] <!> Locked? -> UnlockedOffline

[04:01:15 AM] <!> Research PhD -> Unlocked

[04:01:15 AM] <!> Achievement Number -> 28

[04:01:15 AM] <!> Locked? -> UnlockedOffline

[04:01:15 AM] <!> Quality Research Photo -> Unlocked

[04:01:15 AM] <!> Achievement Number -> 29

[04:01:15 AM] <!> Locked? -> UnlockedOffline

[04:01:15 AM] <!> Researched a Splicer -> Unlocked

[04:01:15 AM] <!> Achievement Number -> 30

[04:01:15 AM] <!> Locked? -> UnlockedOffline

[04:01:15 AM] <!> One Successful Hack -> Unlocked

[04:01:15 AM] <!> Achievement Number -> 31

[04:01:15 AM] <!> Locked? -> UnlockedOffline

[04:01:15 AM] <!> Hacked a Security Bot -> Unlocked

[04:01:15 AM] <!> Achievement Number -> 32

[04:01:15 AM] <!> Locked? -> UnlockedOffline

[04:01:15 AM] <!> Hacked a Security Camera -> Unlocked

[04:01:15 AM] <!> Achievement Number -> 33

[04:01:15 AM] <!> Locked? -> UnlockedOffline

[04:01:15 AM] <!> Hacked a Turret -> Unlocked

[04:01:15 AM] <!> Achievement Number -> 34

[04:01:15 AM] <!> Locked? -> UnlockedOffline

[04:01:15 AM] <!> Hacked a Vending Machine -> Unlocked

[04:01:15 AM] <!> Achievement Number -> 35

[04:01:15 AM] <!> Locked? -> UnlockedOffline

[04:01:15 AM] <!> Hacked a Safe -> Unlocked

[04:01:15 AM] <!> Achievement Number -> 36

[04:01:15 AM] <!> Locked? -> UnlockedOffline

[04:01:15 AM] <!> Skilled Hacker -> Unlocked

[04:01:15 AM] <!> Achievement Number -> 37

[04:01:15 AM] <!> Locked? -> UnlockedOffline

[04:01:15 AM] <!> Basic Inventor -> Unlocked

[04:01:15 AM] <!> Achievement Number -> 38

[04:01:15 AM] <!> Locked? -> UnlockedOffline

[04:01:15 AM] <!> Avid Inventor -> Unlocked

[04:01:15 AM] <!> Achievement Number -> 39

[04:01:15 AM] <!> Locked? -> UnlockedOffline

[04:01:15 AM] <!> Ammo Inventor -> Unlocked

[04:01:15 AM] <!> Achievement Number -> 40

[04:01:15 AM] <!> Locked? -> UnlockedOffline

[04:01:15 AM] <!> Little Sister Savior -> Unlocked

[04:01:15 AM] <!> Achievement Number -> 41

[04:01:15 AM] <!> Locked? -> UnlockedOffline

[04:01:15 AM] <!> Tonic Collector -> Unlocked

[04:01:15 AM] <!> Achievement Number -> 42

[04:01:15 AM] <!> Locked? -> UnlockedOffline

[04:01:15 AM] <!> Historian -> Unlocked

[04:01:15 AM] <!> Achievement Number -> 43

[04:01:15 AM] <!> Locked? -> UnlockedOffline

[04:01:15 AM] <!> Seriously Good At This -> Unlocked

[04:01:15 AM] <!> Achievement Number -> 44

[04:01:15 AM] <!> Locked? -> UnlockedOffline

[04:01:15 AM] <!> Dealt with every Little Sister -> Unlocked

[04:01:15 AM] <!> Achievement Number -> 45

[04:01:15 AM] <!> Locked? -> UnlockedOffline

[04:01:15 AM] <!> Became a Big Daddy -> Unlocked

[04:01:15 AM] <!> Achievement Number -> 46

[04:01:15 AM] <!> Locked? -> UnlockedOffline

[04:01:15 AM] <!> Lucky Winner -> Unlocked

[04:01:15 AM] <!> Achievement Number -> 47

[04:01:15 AM] <!> Locked? -> UnlockedOffline

[04:01:15 AM] <!> Irony -> Unlocked

[04:01:15 AM] <!> Achievement Number -> 48

[04:01:15 AM] <!> Locked? -> UnlockedOffline

[04:01:15 AM] <!> Found Cohen's Room -> Unlocked

[04:01:15 AM] <!> Achievement Number -> 49

[04:01:15 AM] <!> Locked? -> UnlockedOffline

[04:01:15 AM] <!> Toaster in the Tub -> Unlocked

[04:01:15 AM] <!> Total Achievements:49 -> 

[04:01:15 AM] <!>  -> GPD Loaded!

[04:01:15 AM] <!>  -> Fixing Profile

[04:01:17 AM] <!>  -> Rehashing Profile

[04:01:17 AM] <!> New GamerScore -> 3000

